<?xml version="1.0" encoding="UTF-8"?>
<testng-results ignored="0" total="1" passed="1" failed="0" skipped="0">
  <reporter-output>
  </reporter-output>
  <suite started-at="2024-09-25T12:34:50 IST" name="Default suite" finished-at="2024-09-25T12:36:05 IST" duration-ms="75486">
    <groups>
    </groups>
    <test started-at="2024-09-25T12:34:50 IST" name="Default test" finished-at="2024-09-25T12:36:05 IST" duration-ms="75486">
      <class name="GoogleTest">
        <test-method signature="HomePageCheck()[pri:0, instance:GoogleTest@1cf6d1be]" started-at="2024-09-25T12:34:50 IST" name="HomePageCheck" finished-at="2024-09-25T12:36:05 IST" duration-ms="75426" status="PASS">
          <reporter-output>
          </reporter-output>
        </test-method> <!-- HomePageCheck -->
      </class> <!-- GoogleTest -->
    </test> <!-- Default test -->
  </suite> <!-- Default suite -->
</testng-results>
